2019-05-16 17:56:32,172 INFO [org.springframework.test.context.support.DefaultTestContextBootstrapper] - Loaded default TestExecutionListener class names from location [META-INF/spring.factories]: [org.springframework.test.context.web.ServletTestExecutionListener, org.springframework.test.context.support.DirtiesContextBeforeModesTestExecutionListener, org.springframework.test.context.support.DependencyInjectionTestExecutionListener, org.springframework.test.context.support.DirtiesContextTestExecutionListener, org.springframework.test.context.transaction.TransactionalTestExecutionListener, org.springframework.test.context.jdbc.SqlScriptsTestExecutionListener]
2019-05-16 17:56:32,311 INFO [org.springframework.test.context.support.DefaultTestContextBootstrapper] - Using TestExecutionListeners: [org.springframework.test.context.web.ServletTestExecutionListener@cb5822, org.springframework.test.context.support.DirtiesContextBeforeModesTestExecutionListener@4b9e13df, org.springframework.test.context.support.DependencyInjectionTestExecutionListener@2b98378d, org.springframework.test.context.support.DirtiesContextTestExecutionListener@475530b9, org.springframework.test.context.transaction.TransactionalTestExecutionListener@1d057a39, org.springframework.test.context.jdbc.SqlScriptsTestExecutionListener@26be92ad]
2019-05-16 17:56:33,102 INFO [org.springframework.beans.factory.xml.XmlBeanDefinitionReader] - Loading XML bean definitions from class path resource [spring-context.xml]
2019-05-16 17:56:34,430 INFO [org.springframework.beans.factory.xml.XmlBeanDefinitionReader] - Loading XML bean definitions from class path resource [spring-context-druid.xml]
2019-05-16 17:56:34,627 INFO [org.springframework.beans.factory.xml.XmlBeanDefinitionReader] - Loading XML bean definitions from class path resource [spring-context-mybatis.xml]
2019-05-16 17:56:34,927 INFO [org.springframework.context.support.GenericApplicationContext] - Refreshing org.springframework.context.support.GenericApplicationContext@64bf3bbf: startup date [Thu May 16 17:56:34 CST 2019]; root of context hierarchy
2019-05-16 17:56:38,290 INFO [com.alibaba.druid.pool.DruidDataSource] - {dataSource-1} inited
2019-05-16 17:56:41,167 INFO [org.springframework.context.support.GenericApplicationContext] - Closing org.springframework.context.support.GenericApplicationContext@64bf3bbf: startup date [Thu May 16 17:56:34 CST 2019]; root of context hierarchy
2019-05-16 17:56:41,205 INFO [com.alibaba.druid.pool.DruidDataSource] - {dataSource-1} closed
2019-05-16 18:35:28,390 INFO [org.springframework.test.context.support.DefaultTestContextBootstrapper] - Loaded default TestExecutionListener class names from location [META-INF/spring.factories]: [org.springframework.test.context.web.ServletTestExecutionListener, org.springframework.test.context.support.DirtiesContextBeforeModesTestExecutionListener, org.springframework.test.context.support.DependencyInjectionTestExecutionListener, org.springframework.test.context.support.DirtiesContextTestExecutionListener, org.springframework.test.context.transaction.TransactionalTestExecutionListener, org.springframework.test.context.jdbc.SqlScriptsTestExecutionListener]
2019-05-16 18:35:28,453 INFO [org.springframework.test.context.support.DefaultTestContextBootstrapper] - Using TestExecutionListeners: [org.springframework.test.context.web.ServletTestExecutionListener@cb5822, org.springframework.test.context.support.DirtiesContextBeforeModesTestExecutionListener@4b9e13df, org.springframework.test.context.support.DependencyInjectionTestExecutionListener@2b98378d, org.springframework.test.context.support.DirtiesContextTestExecutionListener@475530b9, org.springframework.test.context.transaction.TransactionalTestExecutionListener@1d057a39, org.springframework.test.context.jdbc.SqlScriptsTestExecutionListener@26be92ad]
2019-05-16 18:35:29,005 INFO [org.springframework.beans.factory.xml.XmlBeanDefinitionReader] - Loading XML bean definitions from class path resource [spring-context.xml]
2019-05-16 18:35:30,343 INFO [org.springframework.beans.factory.xml.XmlBeanDefinitionReader] - Loading XML bean definitions from class path resource [spring-context-druid.xml]
2019-05-16 18:35:30,672 INFO [org.springframework.beans.factory.xml.XmlBeanDefinitionReader] - Loading XML bean definitions from class path resource [spring-context-mybatis.xml]
2019-05-16 18:35:30,778 INFO [org.springframework.context.support.GenericApplicationContext] - Refreshing org.springframework.context.support.GenericApplicationContext@64bf3bbf: startup date [Thu May 16 18:35:30 CST 2019]; root of context hierarchy
2019-05-16 18:35:35,752 INFO [com.alibaba.druid.pool.DruidDataSource] - {dataSource-1} inited
2019-05-16 18:35:37,274 INFO [org.springframework.context.support.GenericApplicationContext] - Closing org.springframework.context.support.GenericApplicationContext@64bf3bbf: startup date [Thu May 16 18:35:30 CST 2019]; root of context hierarchy
2019-05-16 18:35:37,368 INFO [com.alibaba.druid.pool.DruidDataSource] - {dataSource-1} closed
2019-05-16 18:36:30,916 INFO [org.springframework.test.context.support.DefaultTestContextBootstrapper] - Loaded default TestExecutionListener class names from location [META-INF/spring.factories]: [org.springframework.test.context.web.ServletTestExecutionListener, org.springframework.test.context.support.DirtiesContextBeforeModesTestExecutionListener, org.springframework.test.context.support.DependencyInjectionTestExecutionListener, org.springframework.test.context.support.DirtiesContextTestExecutionListener, org.springframework.test.context.transaction.TransactionalTestExecutionListener, org.springframework.test.context.jdbc.SqlScriptsTestExecutionListener]
2019-05-16 18:36:30,985 INFO [org.springframework.test.context.support.DefaultTestContextBootstrapper] - Using TestExecutionListeners: [org.springframework.test.context.web.ServletTestExecutionListener@cb5822, org.springframework.test.context.support.DirtiesContextBeforeModesTestExecutionListener@4b9e13df, org.springframework.test.context.support.DependencyInjectionTestExecutionListener@2b98378d, org.springframework.test.context.support.DirtiesContextTestExecutionListener@475530b9, org.springframework.test.context.transaction.TransactionalTestExecutionListener@1d057a39, org.springframework.test.context.jdbc.SqlScriptsTestExecutionListener@26be92ad]
2019-05-16 18:36:31,307 INFO [org.springframework.beans.factory.xml.XmlBeanDefinitionReader] - Loading XML bean definitions from class path resource [spring-context.xml]
2019-05-16 18:36:32,484 INFO [org.springframework.beans.factory.xml.XmlBeanDefinitionReader] - Loading XML bean definitions from class path resource [spring-context-druid.xml]
2019-05-16 18:36:32,718 INFO [org.springframework.beans.factory.xml.XmlBeanDefinitionReader] - Loading XML bean definitions from class path resource [spring-context-mybatis.xml]
2019-05-16 18:36:32,859 INFO [org.springframework.context.support.GenericApplicationContext] - Refreshing org.springframework.context.support.GenericApplicationContext@64bf3bbf: startup date [Thu May 16 18:36:32 CST 2019]; root of context hierarchy
2019-05-16 18:36:38,685 INFO [com.alibaba.druid.pool.DruidDataSource] - {dataSource-1} inited
2019-05-16 18:36:41,255 INFO [org.springframework.context.support.GenericApplicationContext] - Closing org.springframework.context.support.GenericApplicationContext@64bf3bbf: startup date [Thu May 16 18:36:32 CST 2019]; root of context hierarchy
2019-05-16 18:36:41,584 INFO [com.alibaba.druid.pool.DruidDataSource] - {dataSource-1} closed
2019-05-16 18:39:11,624 INFO [org.springframework.test.context.support.DefaultTestContextBootstrapper] - Loaded default TestExecutionListener class names from location [META-INF/spring.factories]: [org.springframework.test.context.web.ServletTestExecutionListener, org.springframework.test.context.support.DirtiesContextBeforeModesTestExecutionListener, org.springframework.test.context.support.DependencyInjectionTestExecutionListener, org.springframework.test.context.support.DirtiesContextTestExecutionListener, org.springframework.test.context.transaction.TransactionalTestExecutionListener, org.springframework.test.context.jdbc.SqlScriptsTestExecutionListener]
2019-05-16 18:39:11,686 INFO [org.springframework.test.context.support.DefaultTestContextBootstrapper] - Using TestExecutionListeners: [org.springframework.test.context.web.ServletTestExecutionListener@cb5822, org.springframework.test.context.support.DirtiesContextBeforeModesTestExecutionListener@4b9e13df, org.springframework.test.context.support.DependencyInjectionTestExecutionListener@2b98378d, org.springframework.test.context.support.DirtiesContextTestExecutionListener@475530b9, org.springframework.test.context.transaction.TransactionalTestExecutionListener@1d057a39, org.springframework.test.context.jdbc.SqlScriptsTestExecutionListener@26be92ad]
2019-05-16 18:39:12,104 INFO [org.springframework.beans.factory.xml.XmlBeanDefinitionReader] - Loading XML bean definitions from class path resource [spring-context.xml]
2019-05-16 18:39:13,423 INFO [org.springframework.beans.factory.xml.XmlBeanDefinitionReader] - Loading XML bean definitions from class path resource [spring-context-druid.xml]
2019-05-16 18:39:13,612 INFO [org.springframework.beans.factory.xml.XmlBeanDefinitionReader] - Loading XML bean definitions from class path resource [spring-context-mybatis.xml]
2019-05-16 18:39:13,787 INFO [org.springframework.context.support.GenericApplicationContext] - Refreshing org.springframework.context.support.GenericApplicationContext@64bf3bbf: startup date [Thu May 16 18:39:13 CST 2019]; root of context hierarchy
2019-05-16 18:39:19,556 INFO [com.alibaba.druid.pool.DruidDataSource] - {dataSource-1} inited
2019-05-16 18:39:21,611 INFO [org.springframework.context.support.GenericApplicationContext] - Closing org.springframework.context.support.GenericApplicationContext@64bf3bbf: startup date [Thu May 16 18:39:13 CST 2019]; root of context hierarchy
2019-05-16 18:39:21,627 INFO [com.alibaba.druid.pool.DruidDataSource] - {dataSource-1} closed
2019-05-16 20:54:00,504 INFO [org.springframework.test.context.support.DefaultTestContextBootstrapper] - Loaded default TestExecutionListener class names from location [META-INF/spring.factories]: [org.springframework.test.context.web.ServletTestExecutionListener, org.springframework.test.context.support.DirtiesContextBeforeModesTestExecutionListener, org.springframework.test.context.support.DependencyInjectionTestExecutionListener, org.springframework.test.context.support.DirtiesContextTestExecutionListener, org.springframework.test.context.transaction.TransactionalTestExecutionListener, org.springframework.test.context.jdbc.SqlScriptsTestExecutionListener]
2019-05-16 20:54:00,598 INFO [org.springframework.test.context.support.DefaultTestContextBootstrapper] - Using TestExecutionListeners: [org.springframework.test.context.web.ServletTestExecutionListener@cb5822, org.springframework.test.context.support.DirtiesContextBeforeModesTestExecutionListener@4b9e13df, org.springframework.test.context.support.DependencyInjectionTestExecutionListener@2b98378d, org.springframework.test.context.support.DirtiesContextTestExecutionListener@475530b9, org.springframework.test.context.transaction.TransactionalTestExecutionListener@1d057a39, org.springframework.test.context.jdbc.SqlScriptsTestExecutionListener@26be92ad]
2019-05-16 20:54:00,910 INFO [org.springframework.beans.factory.xml.XmlBeanDefinitionReader] - Loading XML bean definitions from class path resource [spring-context.xml]
2019-05-16 20:54:02,246 INFO [org.springframework.beans.factory.xml.XmlBeanDefinitionReader] - Loading XML bean definitions from class path resource [spring-context-druid.xml]
2019-05-16 20:54:02,472 INFO [org.springframework.beans.factory.xml.XmlBeanDefinitionReader] - Loading XML bean definitions from class path resource [spring-context-mybatis.xml]
2019-05-16 20:54:02,580 INFO [org.springframework.context.support.GenericApplicationContext] - Refreshing org.springframework.context.support.GenericApplicationContext@64bf3bbf: startup date [Thu May 16 20:54:02 CST 2019]; root of context hierarchy
2019-05-16 20:54:08,681 INFO [com.alibaba.druid.pool.DruidDataSource] - {dataSource-1} inited
2019-05-16 20:54:11,053 INFO [org.springframework.beans.factory.xml.XmlBeanDefinitionReader] - Loading XML bean definitions from class path resource [org/springframework/jdbc/support/sql-error-codes.xml]
2019-05-16 20:54:11,363 INFO [org.springframework.jdbc.support.SQLErrorCodesFactory] - SQLErrorCodes loaded: [DB2, Derby, H2, HDB, HSQL, Informix, MS-SQL, MySQL, Oracle, PostgreSQL, Sybase]
2019-05-16 20:54:11,695 INFO [org.springframework.context.support.GenericApplicationContext] - Closing org.springframework.context.support.GenericApplicationContext@64bf3bbf: startup date [Thu May 16 20:54:02 CST 2019]; root of context hierarchy
2019-05-16 20:54:11,752 INFO [com.alibaba.druid.pool.DruidDataSource] - {dataSource-1} closed
2019-05-16 20:55:50,420 INFO [org.springframework.test.context.support.DefaultTestContextBootstrapper] - Loaded default TestExecutionListener class names from location [META-INF/spring.factories]: [org.springframework.test.context.web.ServletTestExecutionListener, org.springframework.test.context.support.DirtiesContextBeforeModesTestExecutionListener, org.springframework.test.context.support.DependencyInjectionTestExecutionListener, org.springframework.test.context.support.DirtiesContextTestExecutionListener, org.springframework.test.context.transaction.TransactionalTestExecutionListener, org.springframework.test.context.jdbc.SqlScriptsTestExecutionListener]
2019-05-16 20:55:50,500 INFO [org.springframework.test.context.support.DefaultTestContextBootstrapper] - Using TestExecutionListeners: [org.springframework.test.context.web.ServletTestExecutionListener@cb5822, org.springframework.test.context.support.DirtiesContextBeforeModesTestExecutionListener@4b9e13df, org.springframework.test.context.support.DependencyInjectionTestExecutionListener@2b98378d, org.springframework.test.context.support.DirtiesContextTestExecutionListener@475530b9, org.springframework.test.context.transaction.TransactionalTestExecutionListener@1d057a39, org.springframework.test.context.jdbc.SqlScriptsTestExecutionListener@26be92ad]
2019-05-16 20:55:50,813 INFO [org.springframework.beans.factory.xml.XmlBeanDefinitionReader] - Loading XML bean definitions from class path resource [spring-context.xml]
2019-05-16 20:55:52,131 INFO [org.springframework.beans.factory.xml.XmlBeanDefinitionReader] - Loading XML bean definitions from class path resource [spring-context-druid.xml]
2019-05-16 20:55:52,391 INFO [org.springframework.beans.factory.xml.XmlBeanDefinitionReader] - Loading XML bean definitions from class path resource [spring-context-mybatis.xml]
2019-05-16 20:55:52,499 INFO [org.springframework.context.support.GenericApplicationContext] - Refreshing org.springframework.context.support.GenericApplicationContext@64bf3bbf: startup date [Thu May 16 20:55:52 CST 2019]; root of context hierarchy
2019-05-16 20:55:56,532 INFO [com.alibaba.druid.pool.DruidDataSource] - {dataSource-1} inited
2019-05-16 20:55:58,866 INFO [org.springframework.beans.factory.xml.XmlBeanDefinitionReader] - Loading XML bean definitions from class path resource [org/springframework/jdbc/support/sql-error-codes.xml]
2019-05-16 20:55:59,079 INFO [org.springframework.jdbc.support.SQLErrorCodesFactory] - SQLErrorCodes loaded: [DB2, Derby, H2, HDB, HSQL, Informix, MS-SQL, MySQL, Oracle, PostgreSQL, Sybase]
2019-05-16 20:55:59,141 INFO [org.springframework.context.support.GenericApplicationContext] - Closing org.springframework.context.support.GenericApplicationContext@64bf3bbf: startup date [Thu May 16 20:55:52 CST 2019]; root of context hierarchy
2019-05-16 20:55:59,169 INFO [com.alibaba.druid.pool.DruidDataSource] - {dataSource-1} closed
2019-05-16 20:59:48,233 INFO [org.springframework.test.context.support.DefaultTestContextBootstrapper] - Loaded default TestExecutionListener class names from location [META-INF/spring.factories]: [org.springframework.test.context.web.ServletTestExecutionListener, org.springframework.test.context.support.DirtiesContextBeforeModesTestExecutionListener, org.springframework.test.context.support.DependencyInjectionTestExecutionListener, org.springframework.test.context.support.DirtiesContextTestExecutionListener, org.springframework.test.context.transaction.TransactionalTestExecutionListener, org.springframework.test.context.jdbc.SqlScriptsTestExecutionListener]
2019-05-16 20:59:48,505 INFO [org.springframework.test.context.support.DefaultTestContextBootstrapper] - Using TestExecutionListeners: [org.springframework.test.context.web.ServletTestExecutionListener@cb5822, org.springframework.test.context.support.DirtiesContextBeforeModesTestExecutionListener@4b9e13df, org.springframework.test.context.support.DependencyInjectionTestExecutionListener@2b98378d, org.springframework.test.context.support.DirtiesContextTestExecutionListener@475530b9, org.springframework.test.context.transaction.TransactionalTestExecutionListener@1d057a39, org.springframework.test.context.jdbc.SqlScriptsTestExecutionListener@26be92ad]
2019-05-16 20:59:48,914 INFO [org.springframework.beans.factory.xml.XmlBeanDefinitionReader] - Loading XML bean definitions from class path resource [spring-context.xml]
2019-05-16 20:59:49,925 INFO [org.springframework.beans.factory.xml.XmlBeanDefinitionReader] - Loading XML bean definitions from class path resource [spring-context-druid.xml]
2019-05-16 20:59:50,255 INFO [org.springframework.beans.factory.xml.XmlBeanDefinitionReader] - Loading XML bean definitions from class path resource [spring-context-mybatis.xml]
2019-05-16 20:59:50,356 INFO [org.springframework.context.support.GenericApplicationContext] - Refreshing org.springframework.context.support.GenericApplicationContext@64bf3bbf: startup date [Thu May 16 20:59:50 CST 2019]; root of context hierarchy
2019-05-16 20:59:55,702 INFO [com.alibaba.druid.pool.DruidDataSource] - {dataSource-1} inited
2019-05-16 20:59:57,252 INFO [org.springframework.context.support.GenericApplicationContext] - Closing org.springframework.context.support.GenericApplicationContext@64bf3bbf: startup date [Thu May 16 20:59:50 CST 2019]; root of context hierarchy
2019-05-16 20:59:57,271 INFO [com.alibaba.druid.pool.DruidDataSource] - {dataSource-1} closed
2019-05-16 22:36:03,463 INFO [org.springframework.test.context.support.DefaultTestContextBootstrapper] - Loaded default TestExecutionListener class names from location [META-INF/spring.factories]: [org.springframework.test.context.web.ServletTestExecutionListener, org.springframework.test.context.support.DirtiesContextBeforeModesTestExecutionListener, org.springframework.test.context.support.DependencyInjectionTestExecutionListener, org.springframework.test.context.support.DirtiesContextTestExecutionListener, org.springframework.test.context.transaction.TransactionalTestExecutionListener, org.springframework.test.context.jdbc.SqlScriptsTestExecutionListener]
2019-05-16 22:36:03,763 INFO [org.springframework.test.context.support.DefaultTestContextBootstrapper] - Using TestExecutionListeners: [org.springframework.test.context.web.ServletTestExecutionListener@cb5822, org.springframework.test.context.support.DirtiesContextBeforeModesTestExecutionListener@4b9e13df, org.springframework.test.context.support.DependencyInjectionTestExecutionListener@2b98378d, org.springframework.test.context.support.DirtiesContextTestExecutionListener@475530b9, org.springframework.test.context.transaction.TransactionalTestExecutionListener@1d057a39, org.springframework.test.context.jdbc.SqlScriptsTestExecutionListener@26be92ad]
2019-05-16 22:36:04,898 INFO [org.springframework.beans.factory.xml.XmlBeanDefinitionReader] - Loading XML bean definitions from class path resource [spring-context.xml]
2019-05-16 22:36:08,070 INFO [org.springframework.beans.factory.xml.XmlBeanDefinitionReader] - Loading XML bean definitions from class path resource [spring-context-druid.xml]
2019-05-16 22:36:08,638 INFO [org.springframework.beans.factory.xml.XmlBeanDefinitionReader] - Loading XML bean definitions from class path resource [spring-context-mybatis.xml]
2019-05-16 22:36:08,830 INFO [org.springframework.context.support.GenericApplicationContext] - Refreshing org.springframework.context.support.GenericApplicationContext@64bf3bbf: startup date [Thu May 16 22:36:08 CST 2019]; root of context hierarchy
2019-05-16 22:36:15,949 INFO [com.alibaba.druid.pool.DruidDataSource] - {dataSource-1} inited
2019-05-16 22:36:18,246 INFO [org.springframework.context.support.GenericApplicationContext] - Closing org.springframework.context.support.GenericApplicationContext@64bf3bbf: startup date [Thu May 16 22:36:08 CST 2019]; root of context hierarchy
2019-05-16 22:36:18,279 INFO [com.alibaba.druid.pool.DruidDataSource] - {dataSource-1} closed
